C:\USERS\JULIAN\DROPBOX\CG_AQUARIUM\DEBUG\OBJECTS.OBJ
C:\USERS\JULIAN\DROPBOX\CG_AQUARIUM\DEBUG\TEXTURE.OBJ
C:\USERS\JULIAN\DROPBOX\CG_AQUARIUM\DEBUG\OBJLOADER.OBJ
C:\USERS\JULIAN\DROPBOX\CG_AQUARIUM\DEBUG\SHADER.OBJ
C:\Users\Julian\Dropbox\cg_aquarium\Debug\objects.obj
C:\Users\Julian\Dropbox\cg_aquarium\Debug\objloader.obj
C:\Users\Julian\Dropbox\cg_aquarium\Debug\shader.obj
C:\Users\Julian\Dropbox\cg_aquarium\Debug\texture.obj
C:\Users\Julian\Dropbox\cg_aquarium\Debug\CL.11196.read.1.tlog
C:\Users\Julian\Dropbox\cg_aquarium\Debug\CL.11196.write.1.tlog
C:\Users\Julian\Dropbox\cg_aquarium\Debug\CL.11380.read.1.tlog
C:\Users\Julian\Dropbox\cg_aquarium\Debug\CL.11380.write.1.tlog
C:\Users\Julian\Dropbox\cg_aquarium\Debug\CL.11520.read.1.tlog
C:\Users\Julian\Dropbox\cg_aquarium\Debug\CL.11520.write.1.tlog
C:\Users\Julian\Dropbox\cg_aquarium\Debug\CL.9244.read.1.tlog
C:\Users\Julian\Dropbox\cg_aquarium\Debug\CL.9244.write.1.tlog
C:\Users\Julian\Dropbox\cg_aquarium\Debug\cl.command.1.tlog
C:\Users\Julian\Dropbox\cg_aquarium\Debug\CL.read.1.tlog
C:\Users\Julian\Dropbox\cg_aquarium\Debug\CL.write.1.tlog
C:\Users\Julian\Dropbox\cg_aquarium\Debug\vc110.pdb
